2018-12-31 11:45:29,743:WARNING:discord.client: PyNaCl is not installed, voice will NOT be supported
2018-12-31 11:45:32,482:DEBUG:discord.client: on_ready has successfully been registered as an event
2018-12-31 11:45:32,482:DEBUG:discord.client: on_message has successfully been registered as an event
2018-12-31 11:45:32,482:INFO:discord.client: logging in using static token
2018-12-31 11:45:32,932:DEBUG:discord.http: GET https://discordapp.com/api/v7/users/@me with None has returned 200
2018-12-31 11:45:32,933:DEBUG:discord.http: GET https://discordapp.com/api/v7/users/@me has received {'username': 'Special_Festival_Bot', 'verified': True, 'locale': 'en-US', 'mfa_enabled': False, 'bot': True, 'id': '526922839102586880', 'flags': 0, 'avatar': '93c85bd971748e431b9d8d977022401c', 'discriminator': '7080', 'email': None}
2018-12-31 11:45:32,982:DEBUG:discord.http: GET https://discordapp.com/api/v7/gateway with None has returned 200
2018-12-31 11:45:32,982:DEBUG:discord.http: GET https://discordapp.com/api/v7/gateway has received {'url': 'wss://gateway.discord.gg'}
2018-12-31 11:45:33,534:INFO:discord.gateway: Created websocket connected to wss://gateway.discord.gg?encoding=json&v=6&compress=zlib-stream
2018-12-31 11:45:33,535:DEBUG:discord.client: Dispatching event socket_raw_receive
2018-12-31 11:45:33,535:DEBUG:discord.gateway: For Shard ID None: WebSocket Event: {'t': None, 's': None, 'op': 10, 'd': {'heartbeat_interval': 41250, '_trace': ['gateway-prd-main-ncd7']}}
2018-12-31 11:45:33,535:DEBUG:discord.client: Dispatching event socket_response
2018-12-31 11:45:33,536:INFO:discord.gateway: Shard ID None has sent the IDENTIFY payload.
2018-12-31 11:45:33,740:DEBUG:discord.client: Dispatching event socket_raw_receive
2018-12-31 11:45:33,740:DEBUG:discord.gateway: For Shard ID None: WebSocket Event: {'t': None, 's': None, 'op': 11, 'd': None}
2018-12-31 11:45:33,740:DEBUG:discord.client: Dispatching event socket_response
2018-12-31 11:45:33,809:DEBUG:discord.client: Dispatching event socket_raw_receive
2018-12-31 11:45:33,809:DEBUG:discord.gateway: For Shard ID None: WebSocket Event: {'t': 'READY', 's': 1, 'op': 0, 'd': {'v': 6, 'user_settings': {}, 'user': {'verified': True, 'username': 'Special_Festival_Bot', 'mfa_enabled': False, 'id': '526922839102586880', 'email': None, 'discriminator': '7080', 'bot': True, 'avatar': '93c85bd971748e431b9d8d977022401c'}, 'session_id': '58ccf9531901286c4b4dabe37cda5814', 'relationships': [], 'private_channels': [], 'presences': [], 'guilds': [{'unavailable': True, 'id': '520060780087869472'}], '_trace': ['gateway-prd-main-ncd7', 'discord-sessions-prd-1-26']}}
2018-12-31 11:45:33,809:DEBUG:discord.client: Dispatching event socket_response
2018-12-31 11:45:33,809:INFO:discord.gateway: Shard ID None has connected to Gateway: gateway-prd-main-ncd7, discord-sessions-prd-1-26 (Session ID: 58ccf9531901286c4b4dabe37cda5814).
2018-12-31 11:45:33,809:DEBUG:discord.client: Dispatching event connect
2018-12-31 11:45:33,810:DEBUG:discord.client: Dispatching event socket_raw_receive
2018-12-31 11:45:33,810:DEBUG:discord.gateway: For Shard ID None: WebSocket Event: {'t': 'GUILD_CREATE', 's': 2, 'op': 0, 'd': {'voice_states': [], 'verification_level': 0, 'unavailable': False, 'system_channel_id': '520060780549505042', 'splash': None, 'roles': [{'position': 0, 'permissions': 67174465, 'name': '@everyone', 'mentionable': False, 'managed': False, 'id': '520060780087869472', 'hoist': False, 'color': 0}, {'position': 1, 'permissions': 67174464, 'name': 'チーム代表者', 'mentionable': False, 'managed': False, 'id': '520061639014481930', 'hoist': False, 'color': 15844367}, {'position': 1, 'permissions': 262216, 'name': 'Special_Festival_Bot', 'mentionable': False, 'managed': True, 'id': '526928866040741908', 'hoist': False, 'color': 0}], 'region': 'japan', 'presences': [{'user': {'id': '193700834305900544'}, 'status': 'online', 'game': None, 'client_status': {'desktop': 'online'}, 'activities': []}, {'user': {'id': '244725222861832192'}, 'status': 'idle', 'game': None, 'client_status': {'desktop': 'idle'}, 'activities': []}, {'user': {'id': '305621247486722050'}, 'status': 'online', 'game': None, 'client_status': {'desktop': 'online'}, 'activities': []}, {'user': {'id': '334710127452094466'}, 'status': 'online', 'game': None, 'client_status': {'mobile': 'online'}, 'activities': []}, {'user': {'id': '487556271189393408'}, 'status': 'online', 'game': None, 'client_status': {'mobile': 'online'}, 'activities': []}, {'user': {'id': '526922839102586880'}, 'status': 'online', 'game': None, 'client_status': {'web': 'online'}, 'activities': []}], 'owner_id': '193700834305900544', 'name': 'スペシャル祭り杯', 'mfa_level': 0, 'members': [{'user': {'username': 'YK', 'id': '356766245128765461', 'discriminator': '3437', 'avatar': '14fb78976c75acb4d0fcb04125b063d9'}, 'roles': [], 'nick': None, 'mute': False, 'joined_at': '2018-12-30T11:36:53.564689+00:00', 'deaf': False}, {'user': {'username': 'とーぽ', 'id': '244725222861832192', 'discriminator': '5187', 'avatar': '1a44dc51bc406bc1dd8c4093239c002b'}, 'roles': ['520061639014481930'], 'mute': False, 'joined_at': '2018-12-12T02:27:47.259000+00:00', 'deaf': False}, {'user': {'username': 'ちゃふ', 'id': '305621247486722050', 'discriminator': '9370', 'avatar': '8baccec1dee9409e424873d86141e6d1'}, 'roles': [], 'nick': None, 'mute': False, 'joined_at': '2018-12-29T04:23:58.713755+00:00', 'deaf': False}, {'user': {'username': 'なるぽん', 'id': '415004157536370698', 'discriminator': '2846', 'avatar': '8dcdecd01979b939b859d7bb95a963e2'}, 'roles': [], 'nick': None, 'mute': False, 'joined_at': '2018-12-30T17:02:38.498021+00:00', 'deaf': False}, {'user': {'username': 'ふでちゃん', 'id': '305677074725732352', 'discriminator': '3014', 'avatar': '3e8f2663163e792dcb3c0177bf5547e1'}, 'roles': ['520061639014481930'], 'mute': False, 'joined_at': '2018-12-21T13:00:56.635000+00:00', 'deaf': False}, {'user': {'username': 'とろさわ', 'id': '391493643120410626', 'discriminator': '8724', 'avatar': 'b7eb614374a2323f3a0a1595d9ca2c07'}, 'roles': [], 'nick': None, 'mute': False, 'joined_at': '2018-12-30T07:52:46.472695+00:00', 'deaf': False}, {'user': {'username': 'あかりんご(5)', 'id': '232152599615242240', 'discriminator': '7094', 'avatar': '7cbdd025e61d0b904b22d6537215704a'}, 'roles': ['520061639014481930'], 'mute': False, 'joined_at': '2018-12-26T02:39:18.632000+00:00', 'deaf': False}, {'user': {'username': 'てたもん', 'id': '202708345793150978', 'discriminator': '2389', 'avatar': 'a6a10f5ec29e3d8a7d0599b86051e7cc'}, 'roles': [], 'nick': None, 'mute': False, 'joined_at': '2018-12-29T11:42:58.504467+00:00', 'deaf': False}, {'user': {'username': 'しおりん♪', 'id': '424581255435386887', 'discriminator': '2489', 'avatar': '680b81e15ee5183753e8d10df3f70816'}, 'roles': ['520061639014481930'], 'nick': None, 'mute': False, 'joined_at': '2018-12-27T14:43:31.615093+00:00', 'deaf': False}, {'user': {'username': 'ビク', 'id': '416848966139772928', 'discriminator': '7651', 'avatar': '484589e6d24d0fb06efc2035c9b2cf77'}, 'roles': [], 'mute': False, 'joined_at': '2018-12-27T00:51:06.540000+00:00', 'deaf': False}, {'user': {'username': '✝HAGE of Hage✝', 'id': '316464397998358529', 'discriminator': '8517', 'avatar': '772b95e2a0c109657e67a6a235be9deb'}, 'roles': [], 'nick': None, 'mute': False, 'joined_at': '2018-12-30T10:24:54.643978+00:00', 'deaf': False}, {'user': {'username': 'なめきち【びくたろ様の囲い】', 'id': '429458737732780042', 'discriminator': '3451', 'avatar': '7d25500c7458a2a502fc38d5d2da9f27'}, 'roles': ['520061639014481930'], 'mute': False, 'joined_at': '2018-12-24T15:58:33.113000+00:00', 'deaf': False}, {'user': {'username': 'ごうち', 'id': '275266722435694594', 'discriminator': '3669', 'avatar': '196f6e1170d7c7f87e97179e049133ae'}, 'roles': [], 'nick': None, 'mute': False, 'joined_at': '2018-12-28T02:23:23.218485+00:00', 'deaf': False}, {'user': {'username': 'スムーG', 'id': '200306704838033408', 'discriminator': '2973', 'avatar': '626c2167533ac6862876b6ad14faf58d'}, 'roles': ['520061639014481930'], 'nick': None, 'mute': False, 'joined_at': '2018-12-27T09:53:52.213747+00:00', 'deaf': False}, {'user': {'username': 'まる', 'id': '425090676284456970', 'discriminator': '9258', 'avatar': 'e5c3b4df2510955f1980d402c8a2a164'}, 'roles': ['520061639014481930'], 'nick': None, 'mute': False, 'joined_at': '2018-12-28T10:47:56.914846+00:00', 'deaf': False}, {'user': {'username': 'あーる', 'id': '519394511047229453', 'discriminator': '7882', 'avatar': '4a59567b8e97afd765b1bd54aab67410'}, 'roles': ['520061639014481930'], 'nick': None, 'mute': False, 'joined_at': '2018-12-27T19:18:25.377570+00:00', 'deaf': False}, {'user': {'username': 'ゆあまい', 'id': '457793012639072267', 'discriminator': '9785', 'avatar': None}, 'roles': ['520061639014481930'], 'mute': False, 'joined_at': '2018-12-22T04:18:49.524000+00:00', 'deaf': False}, {'user': {'username': 'フライカ', 'id': '292623009146208268', 'discriminator': '1237', 'avatar': '0b1cbd74bfbe8e6ef4a125f85089f768'}, 'roles': [], 'mute': False, 'joined_at': '2018-12-25T05:55:02.225000+00:00', 'deaf': False}, {'user': {'username': 'あつし(通話TV音入ってたら教えて)', 'id': '193700834305900544', 'discriminator': '4369', 'avatar': '149fe5a81255d44b206771a977ec9dbf'}, 'roles': [], 'mute': False, 'joined_at': '2018-12-06T02:15:52.354000+00:00', 'deaf': False}, {'user': {'username': 'ぎぃ', 'id': '364928877090439171', 'discriminator': '6581', 'avatar': 'cbbd90cd819985e31d6177fd46a4e88c'}, 'roles': ['520061639014481930'], 'nick': None, 'mute': False, 'joined_at': '2018-12-26T00:01:46.631000+00:00', 'deaf': False}, {'user': {'username': 'しゅう', 'id': '451736921069322250', 'discriminator': '5781', 'avatar': '1af1812a8a9dd7368c1fce81889e12fd'}, 'roles': ['520061639014481930'], 'nick': None, 'mute': False, 'joined_at': '2018-12-27T11:18:41.677965+00:00', 'deaf': False}, {'user': {'username': '藍。', 'id': '350978574993588224', 'discriminator': '1233', 'avatar': 'bd067102b5c9db3375e5e808b3f1bced'}, 'roles': [], 'nick': None, 'mute': False, 'joined_at': '2018-12-29T04:37:36.228066+00:00', 'deaf': False}, {'user': {'username': 'いぶすき りりと', 'id': '487556271189393408', 'discriminator': '3049', 'avatar': '47d39d20d1c53e6b7b0ba4c7411e6f3f'}, 'roles': ['520061639014481930'], 'nick': None, 'mute': False, 'joined_at': '2018-12-28T14:09:27.153888+00:00', 'deaf': False}, {'user': {'username': 'しこもと ぺにき', 'id': '287198316922667010', 'discriminator': '2300', 'avatar': '594c45c4da10eade29d2801de8dda5f3'}, 'roles': [], 'nick': None, 'mute': False, 'joined_at': '2018-12-29T07:19:28.959264+00:00', 'deaf': False}, {'user': {'username': 'おしゅ', 'id': '491904090042007552', 'discriminator': '5615', 'avatar': 'ad07f73a688057cb5cdd7ee693b4e4bb'}, 'roles': [], 'nick': None, 'mute': False, 'joined_at': '2018-12-30T17:00:22.150795+00:00', 'deaf': False}, {'user': {'username': 'SeaBlue', 'id': '447740456055472146', 'discriminator': '6253', 'avatar': '108462f2d8d35ab3c4404fca488f7d49'}, 'roles': ['520061639014481930'], 'mute': False, 'joined_at': '2018-12-22T13:38:37.842000+00:00', 'deaf': False}, {'user': {'username': 'かち', 'id': '248100594131140610', 'discriminator': '6826', 'avatar': 'be01deb2d5dac5c5c934383d010ad3cf'}, 'roles': [], 'nick': None, 'mute': False, 'joined_at': '2018-12-29T04:34:40.043623+00:00', 'deaf': False}, {'user': {'username': 'ゆた', 'id': '352870838309093376', 'discriminator': '6848', 'avatar': 'fd9165085430233a4e4092365020807e'}, 'roles': ['520061639014481930'], 'nick': None, 'mute': False, 'joined_at': '2018-12-28T01:28:19.645621+00:00', 'deaf': False}, {'user': {'username': 'ちむ 🐝', 'id': '258389044772208641', 'discriminator': '9740', 'avatar': 'de459d71f8b811d3d55705d02e4436df'}, 'roles': [], 'mute': False, 'joined_at': '2018-12-25T03:27:24.528000+00:00', 'deaf': False}, {'user': {'username': 'まめっち', 'id': '364364359021101056', 'discriminator': '0936', 'avatar': '7c9ddbd3a2e03474cdc987d086abc15c'}, 'roles': [], 'nick': None, 'mute': False, 'joined_at': '2018-12-28T04:13:22.694332+00:00', 'deaf': False}, {'user': {'username': 'まさば', 'id': '508254268831170570', 'discriminator': '1295', 'avatar': 'cc539d434f4b8efba05c4d7a6ed2acb4'}, 'roles': ['520061639014481930'], 'mute': False, 'joined_at': '2018-12-11T13:18:55.884000+00:00', 'deaf': False}, {'user': {'username': 'Special_Festival_Bot', 'id': '526922839102586880', 'discriminator': '7080', 'bot': True, 'avatar': '93c85bd971748e431b9d8d977022401c'}, 'roles': ['526928866040741908'], 'mute': False, 'joined_at': '2018-12-25T00:47:15.646000+00:00', 'deaf': False}, {'user': {'username': 'japonika', 'id': '334710127452094466', 'discriminator': '3351', 'avatar': 'af29c7c368090419cf344fe4b403e3e9'}, 'roles': [], 'nick': None, 'mute': False, 'joined_at': '2018-12-30T04:23:19.687011+00:00', 'deaf': False}], 'member_count': 33, 'lazy': True, 'large': False, 'joined_at': '2018-12-25T00:47:15.646000+00:00', 'id': '520060780087869472', 'icon': '875bd72acc1b4caa98eac01bbd08062f', 'features': [], 'explicit_content_filter': 0, 'emojis': [], 'default_message_notifications': 0, 'channels': [{'user_limit': 0, 'type': 4, 'position': 0, 'permission_overwrites': [{'type': 'role', 'id': '520060780087869472', 'deny': 871772432, 'allow': 117825}, {'type': 'role', 'id': '520061639014481930', 'deny': 871772432, 'allow': 117825}], 'name': '一般', 'id': '520060780549505039', 'bitrate': 64000}, {'type': 0, 'topic': '', 'rate_limit_per_user': 0, 'position': 0, 'permission_overwrites': [{'type': 'role', 'id': '520060780087869472', 'deny': 871772432, 'allow': 117825}, {'type': 'role', 'id': '520061639014481930', 'deny': 871772432, 'allow': 117825}], 'parent_id': '520060780549505039', 'name': '雑談', 'last_message_id': '528981252183818277', 'id': '520060780549505042'}, {'type': 0, 'topic': '', 'rate_limit_per_user': 0, 'position': 5, 'permission_overwrites': [{'type': 'role', 'id': '520060780087869472', 'deny': 871821649, 'allow': 68608}], 'parent_id': '520063093259370496', 'name': '運営に質問', 'last_message_id': '528278572046221344', 'id': '520061134678654976'}, {'user_limit': 0, 'type': 4, 'position': 1, 'permission_overwrites': [{'type': 'role', 'id': '520060780087869472', 'deny': 871890257, 'allow': 0}, {'type': 'role', 'id': '520061639014481930', 'deny': 871772497, 'allow': 117760}], 'name': '運営宛て', 'id': '520061192581152768', 'bitrate': 64000}, {'type': 0, 'topic': '', 'rate_limit_per_user': 0, 'position': 1, 'permission_overwrites': [{'type': 'role', 'id': '520060780087869472', 'deny': 871890257, 'allow': 0}, {'type': 'role', 'id': '520061639014481930', 'deny': 871772497, 'allow': 117760}], 'parent_id': '520061192581152768', 'name': 'スペシャル祭り結果報告', 'last_message_id': '529092050763907104', 'id': '520061986898313216'}, {'user_limit': 0, 'type': 4, 'position': 2, 'permission_overwrites': [{'type': 'role', 'id': '520060780087869472', 'deny': 871823697, 'allow': 66560}], 'name': '管理用', 'id': '520063093259370496', 'bitrate': 64000}, {'type': 0, 'topic': None, 'rate_limit_per_user': 0, 'position': 7, 'permission_overwrites': [{'type': 'role', 'id': '520060780087869472', 'deny': 871823697, 'allow': 66560}], 'parent_id': '520063093259370496', 'name': '進行アナウンス', 'last_message_id': None, 'id': '520063184422305792'}, {'type': 0, 'topic': None, 'rate_limit_per_user': 0, 'position': 8, 'permission_overwrites': [{'type': 'role', 'id': '520060780087869472', 'deny': 871823697, 'allow': 66560}], 'parent_id': '520063093259370496', 'name': 'クレジット', 'last_message_id': '528492753492115467', 'id': '521434981017321472'}, {'type': 0, 'topic': '', 'rate_limit_per_user': 0, 'position': 2, 'permission_overwrites': [{'type': 'role', 'id': '520060780087869472', 'deny': 871823697, 'allow': 66560}], 'parent_id': '520063093259370496', 'name': '大会概要', 'last_message_id': '526653893275549706', 'id': '526653380228284426'}, {'type': 0, 'topic': None, 'rate_limit_per_user': 0, 'position': 4, 'permission_overwrites': [{'type': 'role', 'id': '520060780087869472', 'deny': 871823697, 'allow': 66560}], 'parent_id': '520063093259370496', 'name': 'ルールと進行', 'last_message_id': '526657866279419915', 'id': '526654203595063307'}, {'type': 0, 'topic': '', 'rate_limit_per_user': 0, 'position': 3, 'permission_overwrites': [{'type': 'role', 'id': '520060780087869472', 'deny': 871823697, 'allow': 66560}], 'parent_id': '520063093259370496', 'name': '応募するには', 'last_message_id': '528275260907192331', 'id': '526654976823656468'}, {'type': 0, 'topic': None, 'rate_limit_per_user': 0, 'position': 6, 'permission_overwrites': [{'type': 'role', 'id': '520060780087869472', 'deny': 871823697, 'allow': 66560}], 'parent_id': '520063093259370496', 'name': '記録', 'last_message_id': '526883778757525505', 'id': '526883725925941248'}, {'type': 0, 'topic': None, 'rate_limit_per_user': 0, 'position': 9, 'permission_overwrites': [{'type': 'role', 'id': '520060780087869472', 'deny': 1024, 'allow': 0}, {'type': 'role', 'id': '526928866040741908', 'deny': 0, 'allow': 1024}], 'parent_id': '520061192581152768', 'name': '画像報告テストチャンネル', 'last_message_id': '529099704940756993', 'id': '526950365887987722'}], 'application_id': None, 'afk_timeout': 300, 'afk_channel_id': None}}
2018-12-31 11:45:33,811:DEBUG:discord.client: Dispatching event socket_response
2018-12-31 11:45:33,812:DEBUG:discord.client: Dispatching event guild_available
2018-12-31 11:45:35,813:DEBUG:discord.client: Dispatching event ready
2018-12-31 11:45:49,813:DEBUG:discord.client: Dispatching event socket_raw_receive
2018-12-31 11:45:49,814:DEBUG:discord.gateway: For Shard ID None: WebSocket Event: {'t': 'MESSAGE_CREATE', 's': 3, 'op': 0, 'd': {'type': 0, 'tts': False, 'timestamp': '2018-12-31T02:45:50.406000+00:00', 'pinned': False, 'nonce': None, 'mentions': [], 'mention_roles': [], 'mention_everyone': False, 'member': {'roles': [], 'mute': False, 'joined_at': '2018-12-06T02:15:52.354000+00:00', 'deaf': False}, 'id': '529128018803949579', 'embeds': [], 'edited_timestamp': None, 'content': '', 'channel_id': '526950365887987722', 'author': {'username': 'あつし(通話TV音入ってたら教えて)', 'id': '193700834305900544', 'discriminator': '4369', 'avatar': '149fe5a81255d44b206771a977ec9dbf'}, 'attachments': [{'width': 1024, 'url': 'https://cdn.discordapp.com/attachments/526950365887987722/529128018803949578/8310313343.jpg', 'size': 297898, 'proxy_url': 'https://media.discordapp.net/attachments/526950365887987722/529128018803949578/8310313343.jpg', 'id': '529128018803949578', 'height': 640, 'filename': '8310313343.jpg'}], 'guild_id': '520060780087869472'}}
2018-12-31 11:45:49,814:DEBUG:discord.client: Dispatching event socket_response
2018-12-31 11:45:49,814:DEBUG:discord.client: Dispatching event message
2018-12-31 11:45:50,274:DEBUG:discord.client: Dispatching event socket_raw_receive
2018-12-31 11:45:50,274:DEBUG:discord.gateway: For Shard ID None: WebSocket Event: {'t': 'MESSAGE_CREATE', 's': 4, 'op': 0, 'd': {'type': 0, 'tts': False, 'timestamp': '2018-12-31T02:45:50.887000+00:00', 'pinned': False, 'nonce': None, 'mentions': [], 'mention_roles': [], 'mention_everyone': False, 'member': {'roles': ['526928866040741908'], 'mute': False, 'joined_at': '2018-12-25T00:47:15.646000+00:00', 'deaf': False}, 'id': '529128020821147648', 'embeds': [], 'edited_timestamp': None, 'content': '提出記録を処理しています……', 'channel_id': '526950365887987722', 'author': {'username': 'Special_Festival_Bot', 'id': '526922839102586880', 'discriminator': '7080', 'bot': True, 'avatar': '93c85bd971748e431b9d8d977022401c'}, 'attachments': [], 'guild_id': '520060780087869472'}}
2018-12-31 11:45:50,274:DEBUG:discord.client: Dispatching event socket_response
2018-12-31 11:45:50,275:DEBUG:discord.client: Dispatching event message
2018-12-31 11:45:50,287:DEBUG:discord.http: POST https://discordapp.com/api/v7/channels/526950365887987722/messages with {"content":"\u63d0\u51fa\u8a18\u9332\u3092\u51e6\u7406\u3057\u3066\u3044\u307e\u3059\u2026\u2026"} has returned 200
2018-12-31 11:45:50,287:DEBUG:discord.http: POST https://discordapp.com/api/v7/channels/526950365887987722/messages has received {'nonce': None, 'attachments': [], 'tts': False, 'embeds': [], 'timestamp': '2018-12-31T02:45:50.887000+00:00', 'mention_everyone': False, 'id': '529128020821147648', 'pinned': False, 'edited_timestamp': None, 'author': {'username': 'Special_Festival_Bot', 'discriminator': '7080', 'bot': True, 'id': '526922839102586880', 'avatar': '93c85bd971748e431b9d8d977022401c'}, 'mention_roles': [], 'content': '提出記録を処理しています……', 'channel_id': '526950365887987722', 'mentions': [], 'type': 0}
2018-12-31 11:45:59,739:DEBUG:discord.client: Dispatching event socket_raw_receive
2018-12-31 11:45:59,739:DEBUG:discord.gateway: For Shard ID None: WebSocket Event: {'t': 'MESSAGE_CREATE', 's': 5, 'op': 0, 'd': {'type': 0, 'tts': False, 'timestamp': '2018-12-31T02:46:00.393000+00:00', 'pinned': False, 'nonce': None, 'mentions': [], 'mention_roles': [], 'mention_everyone': False, 'member': {'roles': ['526928866040741908'], 'mute': False, 'joined_at': '2018-12-25T00:47:15.646000+00:00', 'deaf': False}, 'id': '529128060692463619', 'embeds': [], 'edited_timestamp': None, 'content': '記録は正常に処理されました！', 'channel_id': '526950365887987722', 'author': {'username': 'Special_Festival_Bot', 'id': '526922839102586880', 'discriminator': '7080', 'bot': True, 'avatar': '93c85bd971748e431b9d8d977022401c'}, 'attachments': [], 'guild_id': '520060780087869472'}}
2018-12-31 11:45:59,739:DEBUG:discord.client: Dispatching event socket_response
2018-12-31 11:45:59,739:DEBUG:discord.client: Dispatching event message
2018-12-31 11:45:59,752:DEBUG:discord.http: POST https://discordapp.com/api/v7/channels/526950365887987722/messages with {"content":"\u8a18\u9332\u306f\u6b63\u5e38\u306b\u51e6\u7406\u3055\u308c\u307e\u3057\u305f\uff01"} has returned 200
2018-12-31 11:45:59,752:DEBUG:discord.http: POST https://discordapp.com/api/v7/channels/526950365887987722/messages has received {'nonce': None, 'attachments': [], 'tts': False, 'embeds': [], 'timestamp': '2018-12-31T02:46:00.393000+00:00', 'mention_everyone': False, 'id': '529128060692463619', 'pinned': False, 'edited_timestamp': None, 'author': {'username': 'Special_Festival_Bot', 'discriminator': '7080', 'bot': True, 'id': '526922839102586880', 'avatar': '93c85bd971748e431b9d8d977022401c'}, 'mention_roles': [], 'content': '記録は正常に処理されました！', 'channel_id': '526950365887987722', 'mentions': [], 'type': 0}
2018-12-31 11:46:14,787:DEBUG:discord.gateway: Keeping websocket alive with sequence 5.
2018-12-31 11:46:14,980:DEBUG:discord.client: Dispatching event socket_raw_receive
2018-12-31 11:46:14,980:DEBUG:discord.gateway: For Shard ID None: WebSocket Event: {'t': None, 's': None, 'op': 11, 'd': None}
2018-12-31 11:46:14,980:DEBUG:discord.client: Dispatching event socket_response
2018-12-31 11:46:56,038:DEBUG:discord.gateway: Keeping websocket alive with sequence 5.
2018-12-31 11:46:56,240:DEBUG:discord.client: Dispatching event socket_raw_receive
2018-12-31 11:46:56,240:DEBUG:discord.gateway: For Shard ID None: WebSocket Event: {'t': None, 's': None, 'op': 11, 'd': None}
2018-12-31 11:46:56,240:DEBUG:discord.client: Dispatching event socket_response
2018-12-31 11:47:37,288:DEBUG:discord.gateway: Keeping websocket alive with sequence 5.
2018-12-31 11:47:37,480:DEBUG:discord.client: Dispatching event socket_raw_receive
2018-12-31 11:47:37,480:DEBUG:discord.gateway: For Shard ID None: WebSocket Event: {'t': None, 's': None, 'op': 11, 'd': None}
2018-12-31 11:47:37,480:DEBUG:discord.client: Dispatching event socket_response
2018-12-31 11:47:46,055:DEBUG:discord.client: Dispatching event socket_raw_receive
2018-12-31 11:47:46,056:DEBUG:discord.gateway: For Shard ID None: WebSocket Event: {'t': 'GUILD_MEMBER_ADD', 's': 6, 'op': 0, 'd': {'user': {'username': 'けーなま', 'id': '237232717752827904', 'discriminator': '3818', 'avatar': '5e698a2aa2f74b5334583510695c15fa'}, 'roles': [], 'nick': None, 'mute': False, 'joined_at': '2018-12-31T02:47:46.709539+00:00', 'guild_id': '520060780087869472', 'deaf': False}}
2018-12-31 11:47:46,056:DEBUG:discord.client: Dispatching event socket_response
2018-12-31 11:47:46,056:DEBUG:discord.client: Dispatching event member_join
2018-12-31 11:47:46,056:DEBUG:discord.client: Dispatching event socket_raw_receive
2018-12-31 11:47:46,056:DEBUG:discord.gateway: For Shard ID None: WebSocket Event: {'t': 'PRESENCE_UPDATE', 's': 7, 'op': 0, 'd': {'user': {'username': 'けーなま', 'id': '237232717752827904', 'discriminator': '3818', 'avatar': '5e698a2aa2f74b5334583510695c15fa'}, 'status': 'offline', 'roles': [], 'nick': None, 'guild_id': '520060780087869472', 'game': None, 'client_status': {}, 'activities': []}}
2018-12-31 11:47:46,056:DEBUG:discord.client: Dispatching event socket_response
2018-12-31 11:47:46,056:DEBUG:discord.client: Dispatching event member_update
2018-12-31 11:47:46,100:DEBUG:discord.client: Dispatching event socket_raw_receive
2018-12-31 11:47:46,100:DEBUG:discord.gateway: For Shard ID None: WebSocket Event: {'t': 'MESSAGE_CREATE', 's': 8, 'op': 0, 'd': {'type': 7, 'tts': False, 'timestamp': '2018-12-31T02:47:46.734000+00:00', 'pinned': False, 'nonce': None, 'mentions': [], 'mention_roles': [], 'mention_everyone': False, 'member': {'roles': [], 'nick': None, 'mute': False, 'joined_at': '2018-12-31T02:47:46.709539+00:00', 'deaf': False}, 'id': '529128506718814208', 'embeds': [], 'edited_timestamp': None, 'content': '', 'channel_id': '520060780549505042', 'author': {'username': 'けーなま', 'id': '237232717752827904', 'discriminator': '3818', 'avatar': '5e698a2aa2f74b5334583510695c15fa'}, 'attachments': [], 'guild_id': '520060780087869472'}}
2018-12-31 11:47:46,101:DEBUG:discord.client: Dispatching event socket_response
2018-12-31 11:47:46,101:DEBUG:discord.client: Dispatching event message
2018-12-31 11:48:06,519:DEBUG:discord.client: Dispatching event socket_raw_receive
2018-12-31 11:48:06,519:DEBUG:discord.gateway: For Shard ID None: WebSocket Event: {'t': 'PRESENCE_UPDATE', 's': 9, 'op': 0, 'd': {'user': {'username': 'しゅう', 'id': '451736921069322250', 'discriminator': '5781', 'avatar': '1af1812a8a9dd7368c1fce81889e12fd'}, 'status': 'offline', 'roles': ['520061639014481930'], 'nick': None, 'guild_id': '520060780087869472', 'game': None, 'client_status': {}, 'activities': []}}
2018-12-31 11:48:06,519:DEBUG:discord.client: Dispatching event socket_response
2018-12-31 11:48:06,520:DEBUG:discord.client: Dispatching event member_update
2018-12-31 11:48:18,540:DEBUG:discord.gateway: Keeping websocket alive with sequence 9.
2018-12-31 11:48:18,751:DEBUG:discord.client: Dispatching event socket_raw_receive
2018-12-31 11:48:18,751:DEBUG:discord.gateway: For Shard ID None: WebSocket Event: {'t': None, 's': None, 'op': 11, 'd': None}
2018-12-31 11:48:18,752:DEBUG:discord.client: Dispatching event socket_response
2018-12-31 11:48:59,790:DEBUG:discord.gateway: Keeping websocket alive with sequence 9.
2018-12-31 11:48:59,998:DEBUG:discord.client: Dispatching event socket_raw_receive
2018-12-31 11:48:59,998:DEBUG:discord.gateway: For Shard ID None: WebSocket Event: {'t': None, 's': None, 'op': 11, 'd': None}
2018-12-31 11:48:59,998:DEBUG:discord.client: Dispatching event socket_response
2018-12-31 11:49:41,040:DEBUG:discord.gateway: Keeping websocket alive with sequence 9.
2018-12-31 11:49:41,238:DEBUG:discord.client: Dispatching event socket_raw_receive
2018-12-31 11:49:41,238:DEBUG:discord.gateway: For Shard ID None: WebSocket Event: {'t': None, 's': None, 'op': 11, 'd': None}
2018-12-31 11:49:41,238:DEBUG:discord.client: Dispatching event socket_response
2018-12-31 11:50:06,774:DEBUG:discord.client: Dispatching event socket_raw_receive
2018-12-31 11:50:06,774:DEBUG:discord.gateway: For Shard ID None: WebSocket Event: {'t': 'PRESENCE_UPDATE', 's': 10, 'op': 0, 'd': {'user': {'id': '451736921069322250'}, 'status': 'offline', 'roles': ['520061639014481930'], 'nick': None, 'guild_id': '520060780087869472', 'game': None, 'client_status': {}, 'activities': []}}
2018-12-31 11:50:06,774:DEBUG:discord.client: Dispatching event socket_response
2018-12-31 11:50:06,775:DEBUG:discord.client: Dispatching event member_update
2018-12-31 11:50:22,291:DEBUG:discord.gateway: Keeping websocket alive with sequence 10.
2018-12-31 11:50:22,510:DEBUG:discord.client: Dispatching event socket_raw_receive
2018-12-31 11:50:22,510:DEBUG:discord.gateway: For Shard ID None: WebSocket Event: {'t': None, 's': None, 'op': 11, 'd': None}
2018-12-31 11:50:22,510:DEBUG:discord.client: Dispatching event socket_response
2018-12-31 11:51:03,542:DEBUG:discord.gateway: Keeping websocket alive with sequence 10.
2018-12-31 11:51:03,737:DEBUG:discord.client: Dispatching event socket_raw_receive
2018-12-31 11:51:03,737:DEBUG:discord.gateway: For Shard ID None: WebSocket Event: {'t': None, 's': None, 'op': 11, 'd': None}
2018-12-31 11:51:03,738:DEBUG:discord.client: Dispatching event socket_response
2018-12-31 11:51:44,792:DEBUG:discord.gateway: Keeping websocket alive with sequence 10.
2018-12-31 11:51:44,998:DEBUG:discord.client: Dispatching event socket_raw_receive
2018-12-31 11:51:44,999:DEBUG:discord.gateway: For Shard ID None: WebSocket Event: {'t': None, 's': None, 'op': 11, 'd': None}
2018-12-31 11:51:44,999:DEBUG:discord.client: Dispatching event socket_response
2018-12-31 11:52:26,042:DEBUG:discord.gateway: Keeping websocket alive with sequence 10.
2018-12-31 11:52:26,238:DEBUG:discord.client: Dispatching event socket_raw_receive
2018-12-31 11:52:26,238:DEBUG:discord.gateway: For Shard ID None: WebSocket Event: {'t': None, 's': None, 'op': 11, 'd': None}
2018-12-31 11:52:26,238:DEBUG:discord.client: Dispatching event socket_response
2018-12-31 11:53:07,293:DEBUG:discord.gateway: Keeping websocket alive with sequence 10.
2018-12-31 11:53:07,509:DEBUG:discord.client: Dispatching event socket_raw_receive
2018-12-31 11:53:07,509:DEBUG:discord.gateway: For Shard ID None: WebSocket Event: {'t': None, 's': None, 'op': 11, 'd': None}
2018-12-31 11:53:07,509:DEBUG:discord.client: Dispatching event socket_response
2018-12-31 11:53:42,990:DEBUG:discord.client: Dispatching event socket_raw_receive
2018-12-31 11:53:42,990:DEBUG:discord.gateway: For Shard ID None: WebSocket Event: {'t': 'PRESENCE_UPDATE', 's': 11, 'op': 0, 'd': {'user': {'username': '藍。', 'id': '350978574993588224', 'discriminator': '1233', 'avatar': 'bd067102b5c9db3375e5e808b3f1bced'}, 'status': 'online', 'roles': [], 'nick': None, 'guild_id': '520060780087869472', 'game': None, 'client_status': {'mobile': 'online'}, 'activities': []}}
2018-12-31 11:53:42,990:DEBUG:discord.client: Dispatching event socket_response
2018-12-31 11:53:42,990:DEBUG:discord.client: Dispatching event member_update
2018-12-31 11:53:48,544:DEBUG:discord.gateway: Keeping websocket alive with sequence 11.
2018-12-31 11:53:48,774:DEBUG:discord.client: Dispatching event socket_raw_receive
2018-12-31 11:53:48,774:DEBUG:discord.gateway: For Shard ID None: WebSocket Event: {'t': None, 's': None, 'op': 11, 'd': None}
2018-12-31 11:53:48,774:DEBUG:discord.client: Dispatching event socket_response
2018-12-31 11:54:29,796:DEBUG:discord.gateway: Keeping websocket alive with sequence 11.
2018-12-31 11:54:29,999:DEBUG:discord.client: Dispatching event socket_raw_receive
2018-12-31 11:54:30,000:DEBUG:discord.gateway: For Shard ID None: WebSocket Event: {'t': None, 's': None, 'op': 11, 'd': None}
2018-12-31 11:54:30,000:DEBUG:discord.client: Dispatching event socket_response
2018-12-31 11:55:11,046:DEBUG:discord.gateway: Keeping websocket alive with sequence 11.
2018-12-31 11:55:11,256:DEBUG:discord.client: Dispatching event socket_raw_receive
2018-12-31 11:55:11,256:DEBUG:discord.gateway: For Shard ID None: WebSocket Event: {'t': None, 's': None, 'op': 11, 'd': None}
2018-12-31 11:55:11,256:DEBUG:discord.client: Dispatching event socket_response
2018-12-31 11:55:52,296:DEBUG:discord.gateway: Keeping websocket alive with sequence 11.
2018-12-31 11:55:52,497:DEBUG:discord.client: Dispatching event socket_raw_receive
2018-12-31 11:55:52,497:DEBUG:discord.gateway: For Shard ID None: WebSocket Event: {'t': None, 's': None, 'op': 11, 'd': None}
2018-12-31 11:55:52,497:DEBUG:discord.client: Dispatching event socket_response
2018-12-31 11:55:55,978:DEBUG:discord.client: Dispatching event socket_raw_receive
2018-12-31 11:55:55,978:DEBUG:discord.gateway: For Shard ID None: WebSocket Event: {'t': 'GUILD_MEMBER_UPDATE', 's': 12, 'op': 0, 'd': {'user': {'username': 'けーなま', 'id': '237232717752827904', 'discriminator': '3818', 'avatar': '5e698a2aa2f74b5334583510695c15fa'}, 'roles': ['520061639014481930'], 'nick': None, 'guild_id': '520060780087869472'}}
2018-12-31 11:55:55,979:DEBUG:discord.client: Dispatching event socket_response
2018-12-31 11:55:55,979:DEBUG:discord.client: Dispatching event member_update
2018-12-31 11:56:33,546:DEBUG:discord.gateway: Keeping websocket alive with sequence 12.
2018-12-31 11:56:33,766:DEBUG:discord.client: Dispatching event socket_raw_receive
2018-12-31 11:56:33,767:DEBUG:discord.gateway: For Shard ID None: WebSocket Event: {'t': None, 's': None, 'op': 11, 'd': None}
2018-12-31 11:56:33,767:DEBUG:discord.client: Dispatching event socket_response
2018-12-31 11:57:14,797:DEBUG:discord.gateway: Keeping websocket alive with sequence 12.
2018-12-31 11:57:14,997:DEBUG:discord.client: Dispatching event socket_raw_receive
2018-12-31 11:57:14,997:DEBUG:discord.gateway: For Shard ID None: WebSocket Event: {'t': None, 's': None, 'op': 11, 'd': None}
2018-12-31 11:57:14,997:DEBUG:discord.client: Dispatching event socket_response
2018-12-31 11:57:56,048:DEBUG:discord.gateway: Keeping websocket alive with sequence 12.
2018-12-31 11:57:56,256:DEBUG:discord.client: Dispatching event socket_raw_receive
2018-12-31 11:57:56,256:DEBUG:discord.gateway: For Shard ID None: WebSocket Event: {'t': None, 's': None, 'op': 11, 'd': None}
2018-12-31 11:57:56,256:DEBUG:discord.client: Dispatching event socket_response
2018-12-31 11:58:37,299:DEBUG:discord.gateway: Keeping websocket alive with sequence 12.
2018-12-31 11:58:37,497:DEBUG:discord.client: Dispatching event socket_raw_receive
2018-12-31 11:58:37,497:DEBUG:discord.gateway: For Shard ID None: WebSocket Event: {'t': None, 's': None, 'op': 11, 'd': None}
2018-12-31 11:58:37,497:DEBUG:discord.client: Dispatching event socket_response
2018-12-31 11:59:18,549:DEBUG:discord.gateway: Keeping websocket alive with sequence 12.
2018-12-31 11:59:18,756:DEBUG:discord.client: Dispatching event socket_raw_receive
2018-12-31 11:59:18,756:DEBUG:discord.gateway: For Shard ID None: WebSocket Event: {'t': None, 's': None, 'op': 11, 'd': None}
2018-12-31 11:59:18,756:DEBUG:discord.client: Dispatching event socket_response
2018-12-31 11:59:54,642:DEBUG:discord.client: Dispatching event socket_raw_receive
2018-12-31 11:59:54,642:DEBUG:discord.gateway: For Shard ID None: WebSocket Event: {'t': 'PRESENCE_UPDATE', 's': 13, 'op': 0, 'd': {'user': {'id': '248100594131140610'}, 'status': 'offline', 'roles': [], 'nick': None, 'guild_id': '520060780087869472', 'game': None, 'client_status': {}, 'activities': []}}
2018-12-31 11:59:54,642:DEBUG:discord.client: Dispatching event socket_response
2018-12-31 11:59:54,642:DEBUG:discord.client: Dispatching event member_update
2018-12-31 11:59:59,800:DEBUG:discord.gateway: Keeping websocket alive with sequence 13.
2018-12-31 11:59:59,990:DEBUG:discord.client: Dispatching event socket_raw_receive
2018-12-31 11:59:59,990:DEBUG:discord.gateway: For Shard ID None: WebSocket Event: {'t': None, 's': None, 'op': 11, 'd': None}
2018-12-31 11:59:59,990:DEBUG:discord.client: Dispatching event socket_response
2018-12-31 12:00:41,051:DEBUG:discord.gateway: Keeping websocket alive with sequence 13.
2018-12-31 12:00:41,264:DEBUG:discord.client: Dispatching event socket_raw_receive
2018-12-31 12:00:41,264:DEBUG:discord.gateway: For Shard ID None: WebSocket Event: {'t': None, 's': None, 'op': 11, 'd': None}
2018-12-31 12:00:41,264:DEBUG:discord.client: Dispatching event socket_response
2018-12-31 12:01:22,301:DEBUG:discord.gateway: Keeping websocket alive with sequence 13.
2018-12-31 12:01:22,495:DEBUG:discord.client: Dispatching event socket_raw_receive
2018-12-31 12:01:22,495:DEBUG:discord.gateway: For Shard ID None: WebSocket Event: {'t': None, 's': None, 'op': 11, 'd': None}
2018-12-31 12:01:22,495:DEBUG:discord.client: Dispatching event socket_response
2018-12-31 12:01:37,637:DEBUG:discord.client: Dispatching event socket_raw_receive
2018-12-31 12:01:37,637:DEBUG:discord.gateway: For Shard ID None: WebSocket Event: {'t': 'PRESENCE_UPDATE', 's': 14, 'op': 0, 'd': {'user': {'id': '350978574993588224'}, 'status': 'offline', 'roles': [], 'nick': None, 'guild_id': '520060780087869472', 'game': None, 'client_status': {}, 'activities': []}}
2018-12-31 12:01:37,637:DEBUG:discord.client: Dispatching event socket_response
2018-12-31 12:01:37,637:DEBUG:discord.client: Dispatching event member_update
2018-12-31 12:02:03,552:DEBUG:discord.gateway: Keeping websocket alive with sequence 14.
2018-12-31 12:02:03,755:DEBUG:discord.client: Dispatching event socket_raw_receive
2018-12-31 12:02:03,756:DEBUG:discord.gateway: For Shard ID None: WebSocket Event: {'t': None, 's': None, 'op': 11, 'd': None}
2018-12-31 12:02:03,756:DEBUG:discord.client: Dispatching event socket_response
2018-12-31 12:02:44,803:DEBUG:discord.gateway: Keeping websocket alive with sequence 14.
2018-12-31 12:02:44,997:DEBUG:discord.client: Dispatching event socket_raw_receive
2018-12-31 12:02:44,997:DEBUG:discord.gateway: For Shard ID None: WebSocket Event: {'t': None, 's': None, 'op': 11, 'd': None}
2018-12-31 12:02:44,997:DEBUG:discord.client: Dispatching event socket_response
2018-12-31 12:02:54,520:DEBUG:discord.client: Dispatching event socket_raw_receive
2018-12-31 12:02:54,520:DEBUG:discord.gateway: For Shard ID None: WebSocket Event: {'t': 'PRESENCE_UPDATE', 's': 15, 'op': 0, 'd': {'user': {'username': 'かち', 'id': '248100594131140610', 'discriminator': '6826', 'avatar': 'be01deb2d5dac5c5c934383d010ad3cf'}, 'status': 'offline', 'roles': [], 'nick': None, 'guild_id': '520060780087869472', 'game': None, 'client_status': {}, 'activities': []}}
2018-12-31 12:02:54,521:DEBUG:discord.client: Dispatching event socket_response
2018-12-31 12:02:54,521:DEBUG:discord.client: Dispatching event member_update
2018-12-31 12:02:58,415:DEBUG:discord.client: Dispatching event socket_raw_receive
2018-12-31 12:02:58,415:DEBUG:discord.gateway: For Shard ID None: WebSocket Event: {'t': 'PRESENCE_UPDATE', 's': 16, 'op': 0, 'd': {'user': {'id': '248100594131140610'}, 'status': 'offline', 'roles': [], 'nick': None, 'guild_id': '520060780087869472', 'game': None, 'client_status': {}, 'activities': []}}
2018-12-31 12:02:58,415:DEBUG:discord.client: Dispatching event socket_response
2018-12-31 12:02:58,415:DEBUG:discord.client: Dispatching event member_update
2018-12-31 12:03:00,527:DEBUG:discord.client: Dispatching event socket_raw_receive
2018-12-31 12:03:00,527:DEBUG:discord.gateway: For Shard ID None: WebSocket Event: {'t': 'PRESENCE_UPDATE', 's': 17, 'op': 0, 'd': {'user': {'username': 'かち', 'id': '248100594131140610', 'discriminator': '6826', 'avatar': 'be01deb2d5dac5c5c934383d010ad3cf'}, 'status': 'offline', 'roles': [], 'nick': None, 'guild_id': '520060780087869472', 'game': None, 'client_status': {}, 'activities': []}}
2018-12-31 12:03:00,527:DEBUG:discord.client: Dispatching event socket_response
2018-12-31 12:03:00,527:DEBUG:discord.client: Dispatching event member_update
2018-12-31 12:03:26,054:DEBUG:discord.gateway: Keeping websocket alive with sequence 17.
2018-12-31 12:03:26,255:DEBUG:discord.client: Dispatching event socket_raw_receive
2018-12-31 12:03:26,255:DEBUG:discord.gateway: For Shard ID None: WebSocket Event: {'t': None, 's': None, 'op': 11, 'd': None}
2018-12-31 12:03:26,255:DEBUG:discord.client: Dispatching event socket_response
2018-12-31 12:04:07,304:DEBUG:discord.gateway: Keeping websocket alive with sequence 17.
2018-12-31 12:04:07,512:DEBUG:discord.client: Dispatching event socket_raw_receive
2018-12-31 12:04:07,512:DEBUG:discord.gateway: For Shard ID None: WebSocket Event: {'t': None, 's': None, 'op': 11, 'd': None}
2018-12-31 12:04:07,512:DEBUG:discord.client: Dispatching event socket_response
2018-12-31 12:04:10,314:DEBUG:discord.client: Dispatching event socket_raw_receive
2018-12-31 12:04:10,314:DEBUG:discord.gateway: For Shard ID None: WebSocket Event: {'t': 'PRESENCE_UPDATE', 's': 18, 'op': 0, 'd': {'user': {'id': '305621247486722050'}, 'status': 'online', 'roles': [], 'nick': None, 'guild_id': '520060780087869472', 'game': None, 'client_status': {'mobile': 'online', 'desktop': 'online'}, 'activities': []}}
2018-12-31 12:04:10,314:DEBUG:discord.client: Dispatching event socket_response
2018-12-31 12:04:10,315:DEBUG:discord.client: Dispatching event member_update
2018-12-31 12:04:48,554:DEBUG:discord.gateway: Keeping websocket alive with sequence 18.
2018-12-31 12:04:48,753:DEBUG:discord.client: Dispatching event socket_raw_receive
2018-12-31 12:04:48,754:DEBUG:discord.gateway: For Shard ID None: WebSocket Event: {'t': None, 's': None, 'op': 11, 'd': None}
2018-12-31 12:04:48,754:DEBUG:discord.client: Dispatching event socket_response
2018-12-31 12:05:29,804:DEBUG:discord.gateway: Keeping websocket alive with sequence 18.
2018-12-31 12:05:30,024:DEBUG:discord.client: Dispatching event socket_raw_receive
2018-12-31 12:05:30,024:DEBUG:discord.gateway: For Shard ID None: WebSocket Event: {'t': None, 's': None, 'op': 11, 'd': None}
2018-12-31 12:05:30,024:DEBUG:discord.client: Dispatching event socket_response
2018-12-31 12:06:10,424:DEBUG:discord.client: Dispatching event socket_raw_receive
2018-12-31 12:06:10,424:DEBUG:discord.gateway: For Shard ID None: WebSocket Event: {'t': 'PRESENCE_UPDATE', 's': 19, 'op': 0, 'd': {'user': {'id': '305621247486722050'}, 'status': 'online', 'roles': [], 'nick': None, 'guild_id': '520060780087869472', 'game': None, 'client_status': {'desktop': 'online'}, 'activities': []}}
2018-12-31 12:06:10,424:DEBUG:discord.client: Dispatching event socket_response
2018-12-31 12:06:10,424:DEBUG:discord.client: Dispatching event member_update
2018-12-31 12:06:11,055:DEBUG:discord.gateway: Keeping websocket alive with sequence 19.
2018-12-31 12:06:11,261:DEBUG:discord.client: Dispatching event socket_raw_receive
2018-12-31 12:06:11,261:DEBUG:discord.gateway: For Shard ID None: WebSocket Event: {'t': None, 's': None, 'op': 11, 'd': None}
2018-12-31 12:06:11,261:DEBUG:discord.client: Dispatching event socket_response
2018-12-31 12:06:52,305:DEBUG:discord.gateway: Keeping websocket alive with sequence 19.
2018-12-31 12:06:52,513:DEBUG:discord.client: Dispatching event socket_raw_receive
2018-12-31 12:06:52,513:DEBUG:discord.gateway: For Shard ID None: WebSocket Event: {'t': None, 's': None, 'op': 11, 'd': None}
2018-12-31 12:06:52,513:DEBUG:discord.client: Dispatching event socket_response
2018-12-31 12:07:33,555:DEBUG:discord.gateway: Keeping websocket alive with sequence 19.
2018-12-31 12:07:33,742:DEBUG:discord.client: Dispatching event socket_raw_receive
2018-12-31 12:07:33,742:DEBUG:discord.gateway: For Shard ID None: WebSocket Event: {'t': None, 's': None, 'op': 11, 'd': None}
2018-12-31 12:07:33,742:DEBUG:discord.client: Dispatching event socket_response
2018-12-31 12:08:14,805:DEBUG:discord.gateway: Keeping websocket alive with sequence 19.
2018-12-31 12:08:14,992:DEBUG:discord.client: Dispatching event socket_raw_receive
2018-12-31 12:08:14,992:DEBUG:discord.gateway: For Shard ID None: WebSocket Event: {'t': None, 's': None, 'op': 11, 'd': None}
2018-12-31 12:08:14,993:DEBUG:discord.client: Dispatching event socket_response
2018-12-31 12:08:56,055:DEBUG:discord.gateway: Keeping websocket alive with sequence 19.
2018-12-31 12:08:56,251:DEBUG:discord.client: Dispatching event socket_raw_receive
2018-12-31 12:08:56,251:DEBUG:discord.gateway: For Shard ID None: WebSocket Event: {'t': None, 's': None, 'op': 11, 'd': None}
2018-12-31 12:08:56,251:DEBUG:discord.client: Dispatching event socket_response
