** Run Tesseract for Training **
[E:\PgLang\Python\Tesseract-OCR\training\jTessBoxEditor-2.2.0\jTessBoxEditor\tesseract-ocr/tesseract, spl2n.splatoon2_nums.exp0.tif, spl2n.splatoon2_nums.exp0, box.train]
Tesseract Open Source OCR Engine v4.0.0.20181030 with Leptonica
Page 1
APPLY_BOXES:
   Boxes read from boxfile:      50
   Found 50 good blobs.
Generated training data for 1 words

** Compute the Character Set **
[E:\PgLang\Python\Tesseract-OCR\training\jTessBoxEditor-2.2.0\jTessBoxEditor\tesseract-ocr/unicharset_extractor, spl2n.splatoon2_nums.exp0.box]
Extracting unicharset from box file spl2n.splatoon2_nums.exp0.box
Wrote unicharset file unicharset

[E:\PgLang\Python\Tesseract-OCR\training\jTessBoxEditor-2.2.0\jTessBoxEditor\tesseract-ocr/set_unicharset_properties, -U, unicharset, -O, unicharset, --script_dir=E:\PgCode\Python\Splatoon2\Special_Festival\experiment\learning_font\spl2n]
Loaded unicharset of size 13 from file unicharset
Setting unichar properties
Setting script properties
Failed to load script unicharset from:E:\PgCode\Python\Splatoon2\Special_Festival\experiment\learning_font\spl2n/Latin.unicharset
Warning: properties incomplete for index 3 = 0
Warning: properties incomplete for index 4 = 1
Warning: properties incomplete for index 5 = 2
Warning: properties incomplete for index 6 = 3
Warning: properties incomplete for index 7 = 4
Warning: properties incomplete for index 8 = 5
Warning: properties incomplete for index 9 = 6
Warning: properties incomplete for index 10 = 7
Warning: properties incomplete for index 11 = 8
Warning: properties incomplete for index 12 = 9
Writing unicharset to file unicharset

** Shape Clustering **
[E:\PgLang\Python\Tesseract-OCR\training\jTessBoxEditor-2.2.0\jTessBoxEditor\tesseract-ocr/shapeclustering, -F, spl2n.font_properties, -U, unicharset, spl2n.splatoon2_nums.exp0.tr]
Reading spl2n.splatoon2_nums.exp0.tr ...
Building master shape table
Computing shape distances...
Stopped with 0 merged, min dist 999.000000
Computing shape distances...
Stopped with 0 merged, min dist 999.000000
Computing shape distances...
Stopped with 0 merged, min dist 999.000000
Computing shape distances... 0
Stopped with 0 merged, min dist 999.000000
Computing shape distances... 0
Stopped with 0 merged, min dist 999.000000
Computing shape distances... 0
Stopped with 0 merged, min dist 999.000000
Computing shape distances... 0
Stopped with 0 merged, min dist 999.000000
Computing shape distances... 0
Stopped with 0 merged, min dist 999.000000
Computing shape distances... 0
Stopped with 0 merged, min dist 999.000000
Computing shape distances... 0
Stopped with 0 merged, min dist 999.000000
Computing shape distances... 0
Stopped with 0 merged, min dist 999.000000
Computing shape distances... 0
Stopped with 0 merged, min dist 999.000000
Computing shape distances... 0
Stopped with 0 merged, min dist 999.000000
Computing shape distances...
Stopped with 0 merged, min dist 999.000000
Computing shape distances...
Stopped with 0 merged, min dist 999.000000
Computing shape distances... 0 1 2 3 4 5 6 7 8 9
Stopped with 0 merged, min dist 0.281690
Master shape_table:Number of shapes = 10 max unichars = 1 number with multiple unichars = 0

** MF Training **
[E:\PgLang\Python\Tesseract-OCR\training\jTessBoxEditor-2.2.0\jTessBoxEditor\tesseract-ocr/mftraining, -F, spl2n.font_properties, -U, unicharset, -O, spl2n.unicharset, spl2n.splatoon2_nums.exp0.tr]
Done!
Read shape table shapetable of 10 shapes
Reading spl2n.splatoon2_nums.exp0.tr ...
Warning: no protos/configs for Joined in CreateIntTemplates()
Warning: no protos/configs for |Broken|0|1 in CreateIntTemplates()

** CN Training **
[E:\PgLang\Python\Tesseract-OCR\training\jTessBoxEditor-2.2.0\jTessBoxEditor\tesseract-ocr/cntraining, spl2n.splatoon2_nums.exp0.tr]
Reading spl2n.splatoon2_nums.exp0.tr ...
Clustering ...

Writing normproto ...

Successful rename of inttemp
Successful rename of pffmtable
Successful rename of normproto
Successful rename of shapetable
** Dictionary Data **
[E:\PgLang\Python\Tesseract-OCR\training\jTessBoxEditor-2.2.0\jTessBoxEditor\tesseract-ocr/wordlist2dawg, spl2n.frequent_words_list, spl2n.freq-dawg, spl2n.unicharset]
Loading unicharset from 'spl2n.unicharset'
Reading word list from 'spl2n.frequent_words_list'
Reducing Trie to SquishedDawg
Dawg is empty, skip producing the output file

[E:\PgLang\Python\Tesseract-OCR\training\jTessBoxEditor-2.2.0\jTessBoxEditor\tesseract-ocr/wordlist2dawg, spl2n.words_list, spl2n.word-dawg, spl2n.unicharset]
Loading unicharset from 'spl2n.unicharset'
Reading word list from 'spl2n.words_list'
Reducing Trie to SquishedDawg
Dawg is empty, skip producing the output file

** Combine Data Files **
[E:\PgLang\Python\Tesseract-OCR\training\jTessBoxEditor-2.2.0\jTessBoxEditor\tesseract-ocr/combine_tessdata, spl2n.]
Combining tessdata files
Output spl2n.traineddata created successfully.
Version string:v4.0.0.20181030
1:unicharset:size=721, offset=192
3:inttemp:size=134546, offset=913
4:pffmtable:size=110, offset=135459
5:normproto:size=1382, offset=135569
13:shapetable:size=184, offset=136951
23:version:size=15, offset=137135

** Moving generated traineddata file to tessdata folder **
** Training Completed **
